
****** PlanAhead v14.7 (64-bit)
  **** Build 321239 by xbuild on Fri Sep 27 19:24:36 MDT 2013
    ** Copyright 1986-1999, 2001-2013 Xilinx, Inc. All Rights Reserved.

INFO: [Common 17-78] Attempting to get a license: PlanAhead
INFO: [Common 17-290] Got license for PlanAhead
INFO: [Device 21-36] Loading parts and site information from /opt/Xilinx/14.7/ISE_DS/PlanAhead/data/parts/arch.xml
Parsing RTL primitives file [/opt/Xilinx/14.7/ISE_DS/PlanAhead/data/parts/xilinx/rtl/prims/rtl_prims.xml]
Finished parsing RTL primitives file [/opt/Xilinx/14.7/ISE_DS/PlanAhead/data/parts/xilinx/rtl/prims/rtl_prims.xml]
start_gui
source /home/vladimir/ISEAC701/pa.fromNetlist.tcl
# create_project -name v6pcie -dir "/home/vladimir/ISEAC701/planAhead_run_1" -part xc7a200tfbg676-2
# set_property design_mode GateLvl [get_property srcset [current_run -impl]]
# set_property edif_top_file "/home/vladimir/ISEAC701/v6pcieDMA_cs.ngc" [ get_property srcset [ current_run ] ]
# add_files -norecurse { {/home/vladimir/ISEAC701} {MyUserLogic/UserLogic_00} {ipcore_dir} {ipcore_dir_ISE13.3} }
# add_files [list {ipcore_dir/v7_mBuf_128x72.ncf}] -fileset [get_property constrset [current_run]]
# add_files [list {ipcore_dir/v7_eb_fifo_counted_resized.ncf}] -fileset [get_property constrset [current_run]]
# add_files [list {ipcore_dir/v7_sfifo_15x128.ncf}] -fileset [get_property constrset [current_run]]
# add_files [list {ipcore_dir/fifomodule.ncf}] -fileset [get_property constrset [current_run]]
# add_files [list {ipcore_dir_ISE13.3/v6_eb_fifo_counted_new.ncf}] -fileset [get_property constrset [current_run]]
# add_files [list {ipcore_dir_ISE13.3/v6_bram4096x64.ncf}] -fileset [get_property constrset [current_run]]
# add_files [list {ipcore_dir_ISE13.3/v6_mBuf_128x72.ncf}] -fileset [get_property constrset [current_run]]
INFO: [Common 17-41] Interrupt caught. Command should exit soon.
INFO: [Common 17-344] 'source' was cancelled
exit
ERROR: [Common 17-39] 'stop_gui' failed due to earlier errors.
INFO: [Common 17-206] Exiting PlanAhead at Thu Oct 16 14:01:52 2014...
INFO: [Common 17-83] Releasing license: PlanAhead
